<?xml version="1.0" encoding="UTF-8"?>
<testsuite xmlns:xsi="http://www.w3.org/2001/XMLSchema-instance" xsi:noNamespaceSchemaLocation="https://maven.apache.org/surefire/maven-surefire-plugin/xsd/surefire-test-report.xsd" name="com.app.service2.Impl.test.AppServiceImplTest" time="0.006" tests="6" errors="2" skipped="0" failures="0">
  <properties>
[...]
</properties>
  <testcase name="testIsValidPrimeNumberForFalse" classname="com.app.service2.Impl.test.AppServiceImplTest" time="0"/>
  <testcase name="testIsValidPrimeNumberForNegativeNumber" classname="com.app.service2.Impl.test.AppServiceImplTest" time="0"/>
  <testcase name="testIsValidPrimeNumberForTrue" classname="com.app.service2.Impl.test.AppServiceImplTest" time="0"/>
  <testcase name="testIsValidMobileNumberForException" classname="com.app.service2.Impl.test.AppServiceImplTest" time="0"/>
  <testcase name="testIsValidMobileNumberForNull" classname="com.app.service2.Impl.test.AppServiceImplTest" time="0.006">
    <error message="Dangling meta character &apos;+&apos; near index 0&#10;+1-[0-9]{10}&#10;^" type="java.util.regex.PatternSyntaxException">java.util.regex.PatternSyntaxException: 
Dangling meta character '+' near index 0
+1-[0-9]{10}
^
	at com.app.service2.Impl.test.AppServiceImplTest.testIsValidMobileNumberForNull(AppServiceImplTest.java:43)
</error>
  </testcase>
  <testcase name="testIsValidMobileNumberForTrue" classname="com.app.service2.Impl.test.AppServiceImplTest" time="0">
    <error message="Dangling meta character &apos;+&apos; near index 0&#10;+1-[0-9]{10}&#10;^" type="java.util.regex.PatternSyntaxException">java.util.regex.PatternSyntaxException: 
Dangling meta character '+' near index 0
+1-[0-9]{10}
^
	at com.app.service2.Impl.test.AppServiceImplTest.testIsValidMobileNumberForTrue(AppServiceImplTest.java:38)
</error>
  </testcase>
</testsuite>